Using pre-set license
Built from '2022.3/staging' branch; Version is '2022.3.11f1 (d00248457e15) revision 13632072'; Using compiler version '192829333'; Build Type 'Release'
OS: 'Windows 11  (10.0.22631) 64bit Enterprise' Language: 'en' Physical Memory: 32486 MB
BatchMode: 1, IsHumanControllingUs: 0, StartBugReporterOnCrash: 0, Is64bit: 1, IsPro: 1

COMMAND LINE ARGUMENTS:
C:\Program Files\Unity\Hub\Editor\2022.3.11f1\Editor\Unity.exe
-adb2
-batchMode
-noUpm
-name
AssetImportWorker1
-projectPath
C:/Users/ChaseSutley/Downloads/UnityProjects/unity/First Project
-logFile
Logs/AssetImportWorker1.log
-srvPort
60204
Successfully changed project path to: C:/Users/ChaseSutley/Downloads/UnityProjects/unity/First Project
C:/Users/ChaseSutley/Downloads/UnityProjects/unity/First Project
[UnityMemory] Configuration Parameters - Can be set up in boot.config
    "memorysetup-bucket-allocator-granularity=16"
    "memorysetup-bucket-allocator-bucket-count=8"
    "memorysetup-bucket-allocator-block-size=33554432"
    "memorysetup-bucket-allocator-block-count=8"
    "memorysetup-main-allocator-block-size=16777216"
    "memorysetup-thread-allocator-block-size=16777216"
    "memorysetup-gfx-main-allocator-block-size=16777216"
    "memorysetup-gfx-thread-allocator-block-size=16777216"
    "memorysetup-cache-allocator-block-size=4194304"
    "memorysetup-typetree-allocator-block-size=2097152"
    "memorysetup-profiler-bucket-allocator-granularity=16"
    "memorysetup-profiler-bucket-allocator-bucket-count=8"
    "memorysetup-profiler-bucket-allocator-block-size=33554432"
    "memorysetup-profiler-bucket-allocator-block-count=8"
    "memorysetup-profiler-allocator-block-size=16777216"
    "memorysetup-profiler-editor-allocator-block-size=1048576"
    "memorysetup-temp-allocator-size-main=16777216"
    "memorysetup-job-temp-allocator-block-size=2097152"
    "memorysetup-job-temp-allocator-block-size-background=1048576"
    "memorysetup-job-temp-allocator-reduction-small-platforms=262144"
    "memorysetup-allocator-temp-initial-block-size-main=262144"
    "memorysetup-allocator-temp-initial-block-size-worker=262144"
    "memorysetup-temp-allocator-size-background-worker=32768"
    "memorysetup-temp-allocator-size-job-worker=262144"
    "memorysetup-temp-allocator-size-preload-manager=33554432"
    "memorysetup-temp-allocator-size-nav-mesh-worker=65536"
    "memorysetup-temp-allocator-size-audio-worker=65536"
    "memorysetup-temp-allocator-size-cloud-worker=32768"
    "memorysetup-temp-allocator-size-gi-baking-worker=262144"
    "memorysetup-temp-allocator-size-gfx=262144"
Player connection [84124] Host "[IP] 10.5.5.7 [Port] 0 [Flags] 2 [Guid] 3708310696 [EditorId] 3708310696 [Version] 1048832 [Id] WindowsEditor(7,SD-7L9G2Z3) [Debug] 1 [PackageName] WindowsEditor [ProjectName] Editor" joined multi-casting on [225.0.0.222:54997]...

Player connection [84124] Host "[IP] 10.5.5.7 [Port] 0 [Flags] 2 [Guid] 3708310696 [EditorId] 3708310696 [Version] 1048832 [Id] WindowsEditor(7,SD-7L9G2Z3) [Debug] 1 [PackageName] WindowsEditor [ProjectName] Editor" joined alternative multi-casting on [225.0.0.222:34997]...

[Physics::Module] Initialized MultithreadedJobDispatcher with 23 workers.
Refreshing native plugins compatible for Editor in 5.69 ms, found 3 plugins.
Preloading 0 native plugins for Editor in 0.00 ms.
Initialize engine version: 2022.3.11f1 (d00248457e15)
[Subsystems] Discovering subsystems at path C:/Program Files/Unity/Hub/Editor/2022.3.11f1/Editor/Data/Resources/UnitySubsystems
[Subsystems] Discovering subsystems at path C:/Users/ChaseSutley/Downloads/UnityProjects/unity/First Project/Assets
GfxDevice: creating device client; threaded=0; jobified=0
Direct3D:
    Version:  Direct3D 11.0 [level 11.1]
    Renderer: NVIDIA GeForce RTX 4060 Ti (ID=0x2803)
    Vendor:   NVIDIA
    VRAM:     7949 MB
    Driver:   32.0.15.5612
Initialize mono
Mono path[0] = 'C:/Program Files/Unity/Hub/Editor/2022.3.11f1/Editor/Data/Managed'
Mono path[1] = 'C:/Program Files/Unity/Hub/Editor/2022.3.11f1/Editor/Data/MonoBleedingEdge/lib/mono/unityjit-win32'
Mono config path = 'C:/Program Files/Unity/Hub/Editor/2022.3.11f1/Editor/Data/MonoBleedingEdge/etc'
Using monoOptions --debugger-agent=transport=dt_socket,embedding=1,server=y,suspend=n,address=127.0.0.1:56056
Begin MonoManager ReloadAssembly
Registering precompiled unity dll's ...
Register platform support module: C:/Program Files/Unity/Hub/Editor/2022.3.11f1/Editor/Data/PlaybackEngines/WindowsStandaloneSupport/UnityEditor.WindowsStandalone.Extensions.dll
Registered in 0.005000 seconds.
- Loaded All Assemblies, in  0.222 seconds
Native extension for WindowsStandalone target not found
Mono: successfully reloaded assembly
- Finished resetting the current domain, in  0.156 seconds
Domain Reload Profiling: 377ms
	BeginReloadAssembly (71ms)
		ExecutionOrderSort (0ms)
		DisableScriptedObjects (0ms)
		BackupInstance (0ms)
		ReleaseScriptingObjects (0ms)
		CreateAndSetChildDomain (1ms)
	RebuildCommonClasses (21ms)
	RebuildNativeTypeToScriptingClass (6ms)
	initialDomainReloadingComplete (38ms)
	LoadAllAssembliesAndSetupDomain (84ms)
		LoadAssemblies (69ms)
		RebuildTransferFunctionScriptingTraits (0ms)
		AnalyzeDomain (83ms)
			TypeCache.Refresh (82ms)
				TypeCache.ScanAssembly (73ms)
			ScanForSourceGeneratedMonoScriptInfo (0ms)
			ResolveRequiredComponents (0ms)
	FinalizeReload (156ms)
		ReleaseScriptCaches (0ms)
		RebuildScriptCaches (0ms)
		SetupLoadedEditorAssemblies (121ms)
			LogAssemblyErrors (0ms)
			InitializePlatformSupportModulesInManaged (6ms)
			SetLoadedEditorAssemblies (5ms)
			RefreshPlugins (0ms)
			BeforeProcessingInitializeOnLoad (1ms)
			ProcessInitializeOnLoadAttributes (79ms)
			ProcessInitializeOnLoadMethodAttributes (29ms)
			AfterProcessingInitializeOnLoad (0ms)
			EditorAssembliesLoaded (0ms)
		ExecutionOrderSort2 (0ms)
		AwakeInstancesAfterBackupRestoration (0ms)
========================================================================
Worker process is ready to serve import requests
Begin MonoManager ReloadAssembly
- Loaded All Assemblies, in  0.488 seconds
Refreshing native plugins compatible for Editor in 2.04 ms, found 3 plugins.
Native extension for WindowsStandalone target not found
Package Manager log level set to [2]
[Package Manager] Server::EnsureServerProcessIsRunning -- launch failed, reason: Unity was launched with the -noUpm command-line argument
[Package Manager] UpmClient::Send -- Unable to send message (not connected to UPM process).
[Package Manager] Cannot connect to Unity Package Manager local server
Mono: successfully reloaded assembly
- Finished resetting the current domain, in  0.355 seconds
Domain Reload Profiling: 841ms
	BeginReloadAssembly (92ms)
		ExecutionOrderSort (0ms)
		DisableScriptedObjects (3ms)
		BackupInstance (0ms)
		ReleaseScriptingObjects (0ms)
		CreateAndSetChildDomain (13ms)
	RebuildCommonClasses (19ms)
	RebuildNativeTypeToScriptingClass (6ms)
	initialDomainReloadingComplete (27ms)
	LoadAllAssembliesAndSetupDomain (340ms)
		LoadAssemblies (296ms)
		RebuildTransferFunctionScriptingTraits (0ms)
		AnalyzeDomain (100ms)
			TypeCache.Refresh (89ms)
				TypeCache.ScanAssembly (80ms)
			ScanForSourceGeneratedMonoScriptInfo (8ms)
			ResolveRequiredComponents (2ms)
	FinalizeReload (355ms)
		ReleaseScriptCaches (0ms)
		RebuildScriptCaches (0ms)
		SetupLoadedEditorAssemblies (272ms)
			LogAssemblyErrors (0ms)
			InitializePlatformSupportModulesInManaged (4ms)
			SetLoadedEditorAssemblies (3ms)
			RefreshPlugins (0ms)
			BeforeProcessingInitializeOnLoad (37ms)
			ProcessInitializeOnLoadAttributes (211ms)
			ProcessInitializeOnLoadMethodAttributes (12ms)
			AfterProcessingInitializeOnLoad (5ms)
			EditorAssembliesLoaded (0ms)
		ExecutionOrderSort2 (0ms)
		AwakeInstancesAfterBackupRestoration (4ms)
Launched and connected shader compiler UnityShaderCompiler.exe after 0.15 seconds
Refreshing native plugins compatible for Editor in 1.97 ms, found 3 plugins.
Preloading 0 native plugins for Editor in 0.00 ms.
Unloading 3091 Unused Serialized files (Serialized files now loaded: 0)
Unloading 32 unused Assets / (56.9 KB). Loaded Objects now: 3552.
Memory consumption went from 121.6 MB to 121.6 MB.
Total: 1.869900 ms (FindLiveObjects: 0.129100 ms CreateObjectMapping: 0.040100 ms MarkObjects: 1.630400 ms  DeleteObjects: 0.069400 ms)

AssetImportParameters requested are different than current active one (requested -> active):
  custom:container-demuxer-ogg: 62fdf1f143b41e24485cea50d1cbac27 -> 
  custom:video-codec-MediaFoundation-h265: 746d11721c4dcdbdad8f713fa42b33f4 -> 
  custom:video-decoder-ogg-theora: a1e56fd34408186e4bbccfd4996cb3dc -> 
  custom:framework-win-MediaFoundation: 216162199b28c13a410421893ffa2e32 -> 
  custom:CustomObjectIndexerAttribute: 756ad292c208cfabdd7b50bc23989ffe -> 
  custom:container-demuxer-webm: 4f35f7cbe854078d1ac9338744f61a02 -> 
  custom:container-muxer-webm: aa71ff27fc2769a1b78a27578f13a17b -> 
  custom:video-decoder-webm-vp8: 9c59270c3fd7afecdb556c50c9e8de78 -> 
  custom:SearchIndexIgnoredProperties: e643bd26f0fe6173181afceb89e7c659 -> 
  custom:AudioImporter_EditorPlatform: d09bf68614088b80899f8185d706f6e7 -> 
  custom:video-encoder-webm-vp8: eb34c28f22e8b96e1ab97ce403110664 -> 
  custom:audio-decoder-ogg-vorbis: bf7c407c2cedff20999df2af8eb42d56 -> 
  custom:audio-encoder-webm-vorbis: bf7c407c2cedff20999df2af8eb42d56 -> 
========================================================================
Received Import Request.
  Time since last request: 447552.969242 seconds.
  path: Assets/TownAssets/TownAssets/Car.fbx
  artifactKey: Guid(29a876826eb55474291bb226123b4570) Importer(815301076,1909f56bfc062723c751e8b465ee728b)
Start importing Assets/TownAssets/TownAssets/Car.fbx using Guid(29a876826eb55474291bb226123b4570) Importer(815301076,1909f56bfc062723c751e8b465ee728b)  -> (artifact id: '3933df06ad089c5517ad4f7550a41315') in 1.257840 seconds
Number of updated asset objects reloaded before import = 0
Number of asset objects unloaded after import = 9
========================================================================
Received Import Request.
  Time since last request: 0.000013 seconds.
  path: Assets/TownAssets/TownAssets/Tree.fbx
  artifactKey: Guid(0dbce42e1cd9a1041bc8919bd1ce1383) Importer(815301076,1909f56bfc062723c751e8b465ee728b)
Start importing Assets/TownAssets/TownAssets/Tree.fbx using Guid(0dbce42e1cd9a1041bc8919bd1ce1383) Importer(815301076,1909f56bfc062723c751e8b465ee728b)  -> (artifact id: 'e8d4bb15803c321f54ec7ce44430d2b9') in 0.110242 seconds
Number of updated asset objects reloaded before import = 0
Number of asset objects unloaded after import = 9
========================================================================
Received Import Request.
  Time since last request: 0.000019 seconds.
  path: Assets/TownAssets/TownAssets/Trash_Can.fbx
  artifactKey: Guid(dbf3e850660b51c4d9d3a44c59e8ec31) Importer(815301076,1909f56bfc062723c751e8b465ee728b)
Start importing Assets/TownAssets/TownAssets/Trash_Can.fbx using Guid(dbf3e850660b51c4d9d3a44c59e8ec31) Importer(815301076,1909f56bfc062723c751e8b465ee728b)  -> (artifact id: 'e57f37da39f1e7652f1ae79deaf2de33') in 0.037470 seconds
Number of updated asset objects reloaded before import = 0
Number of asset objects unloaded after import = 16
========================================================================
Received Import Request.
  Time since last request: 0.000010 seconds.
  path: Assets/TownAssets/TownAssets/Square_Base.fbx
  artifactKey: Guid(1556d25beef88554290c0341fa808453) Importer(815301076,1909f56bfc062723c751e8b465ee728b)
Start importing Assets/TownAssets/TownAssets/Square_Base.fbx using Guid(1556d25beef88554290c0341fa808453) Importer(815301076,1909f56bfc062723c751e8b465ee728b)  -> (artifact id: '3c4a59cd3520cd0985f7ace5ee187296') in 0.008856 seconds
Number of updated asset objects reloaded before import = 0
Number of asset objects unloaded after import = 9
========================================================================
Received Import Request.
  Time since last request: 0.000010 seconds.
  path: Assets/TownAssets/TownAssets/Turn.fbx
  artifactKey: Guid(fd74da82c563be7438e072e026ab9ca6) Importer(815301076,1909f56bfc062723c751e8b465ee728b)
Start importing Assets/TownAssets/TownAssets/Turn.fbx using Guid(fd74da82c563be7438e072e026ab9ca6) Importer(815301076,1909f56bfc062723c751e8b465ee728b)  -> (artifact id: '028bd7366f73b8bfd879b9316670c1ec') in 0.153534 seconds
Number of updated asset objects reloaded before import = 0
Number of asset objects unloaded after import = 9
========================================================================
Received Import Request.
  Time since last request: 0.000011 seconds.
  path: Assets/TownAssets/TownAssets/Lamp_Post.fbx
  artifactKey: Guid(df9e5a4c0f05f5d4d81edfa232d5d0df) Importer(815301076,1909f56bfc062723c751e8b465ee728b)
Start importing Assets/TownAssets/TownAssets/Lamp_Post.fbx using Guid(df9e5a4c0f05f5d4d81edfa232d5d0df) Importer(815301076,1909f56bfc062723c751e8b465ee728b)  -> (artifact id: '04a98eb0166913db47b90877489a0b7e') in 0.011404 seconds
Number of updated asset objects reloaded before import = 0
Number of asset objects unloaded after import = 9
========================================================================
Received Import Request.
  Time since last request: 0.000031 seconds.
  path: Assets/TownAssets/TownAssets/Street.fbx
  artifactKey: Guid(a0f37fcee138af04eb10cd542b2fdc18) Importer(815301076,1909f56bfc062723c751e8b465ee728b)
Start importing Assets/TownAssets/TownAssets/Street.fbx using Guid(a0f37fcee138af04eb10cd542b2fdc18) Importer(815301076,1909f56bfc062723c751e8b465ee728b)  -> (artifact id: '434a0c1b646c566323b03ff9ac176d90') in 0.009214 seconds
Number of updated asset objects reloaded before import = 0
Number of asset objects unloaded after import = 9
========================================================================
Received Import Request.
  Time since last request: 0.000010 seconds.
  path: Assets/TownAssets/TownAssets/Tall_Apartment.fbx
  artifactKey: Guid(bc427974806303048b4ac182ba2aaa6f) Importer(815301076,1909f56bfc062723c751e8b465ee728b)
Start importing Assets/TownAssets/TownAssets/Tall_Apartment.fbx using Guid(bc427974806303048b4ac182ba2aaa6f) Importer(815301076,1909f56bfc062723c751e8b465ee728b)  -> (artifact id: 'c135922d3be400bfd3dfd489a5c28275') in 0.009722 seconds
Number of updated asset objects reloaded before import = 0
Number of asset objects unloaded after import = 9
========================================================================
Received Import Request.
  Time since last request: 0.000009 seconds.
  path: Assets/TownAssets/TownAssets/MasterMaterialTexture.png
  artifactKey: Guid(c1f95adb36361c74fb70aa022fd67e20) Importer(815301076,1909f56bfc062723c751e8b465ee728b)
Start importing Assets/TownAssets/TownAssets/MasterMaterialTexture.png using Guid(c1f95adb36361c74fb70aa022fd67e20) Importer(815301076,1909f56bfc062723c751e8b465ee728b)  -> (artifact id: '984ea78ba9dd72afcd3cdeab1262b1ef') in 1.531502 seconds
Number of updated asset objects reloaded before import = 0
Number of asset objects unloaded after import = 2
========================================================================
Received Import Request.
  Time since last request: 7.866483 seconds.
  path: Assets/TownAssets/Convenience_Store.fbx
  artifactKey: Guid(1164cad1f93708144a9541fe08f4f3f0) Importer(815301076,1909f56bfc062723c751e8b465ee728b)
Start importing Assets/TownAssets/Convenience_Store.fbx using Guid(1164cad1f93708144a9541fe08f4f3f0) Importer(815301076,1909f56bfc062723c751e8b465ee728b)  -> (artifact id: 'd8fa5eabdf54bddec1dd287b8f5c204e') in 0.009674 seconds
Number of updated asset objects reloaded before import = 0
Number of asset objects unloaded after import = 9
========================================================================
Received Import Request.
  Time since last request: 0.000104 seconds.
  path: Assets/TownAssets/Very_Tall_Apartment.fbx
  artifactKey: Guid(0d0bafad55d043b4daac39d879c183fa) Importer(815301076,1909f56bfc062723c751e8b465ee728b)
Start importing Assets/TownAssets/Very_Tall_Apartment.fbx using Guid(0d0bafad55d043b4daac39d879c183fa) Importer(815301076,1909f56bfc062723c751e8b465ee728b)  -> (artifact id: '9de1483fb7f410d2cad498fbc53e8605') in 0.009442 seconds
Number of updated asset objects reloaded before import = 0
Number of asset objects unloaded after import = 9
========================================================================
Received Import Request.
  Time since last request: 0.000012 seconds.
  path: Assets/TownAssets/Trash_Can.fbx
  artifactKey: Guid(dbf3e850660b51c4d9d3a44c59e8ec31) Importer(815301076,1909f56bfc062723c751e8b465ee728b)
Start importing Assets/TownAssets/Trash_Can.fbx using Guid(dbf3e850660b51c4d9d3a44c59e8ec31) Importer(815301076,1909f56bfc062723c751e8b465ee728b)  -> (artifact id: '4dca5fd715f4d24633a7b12c7b71fe05') in 0.016291 seconds
Number of updated asset objects reloaded before import = 0
Number of asset objects unloaded after import = 16
========================================================================
Received Import Request.
  Time since last request: 0.000013 seconds.
  path: Assets/TownAssets/Tire.fbx
  artifactKey: Guid(2d0a6ff0e7b21d74196994e27baed471) Importer(815301076,1909f56bfc062723c751e8b465ee728b)
Start importing Assets/TownAssets/Tire.fbx using Guid(2d0a6ff0e7b21d74196994e27baed471) Importer(815301076,1909f56bfc062723c751e8b465ee728b)  -> (artifact id: '2fe8a24322ec4c26d837a20c55b3ca31') in 0.009358 seconds
Number of updated asset objects reloaded before import = 0
Number of asset objects unloaded after import = 9
========================================================================
Received Import Request.
  Time since last request: 0.000014 seconds.
  path: Assets/TownAssets/Store.fbx
  artifactKey: Guid(0bd6fae82184e79439267834b696e666) Importer(815301076,1909f56bfc062723c751e8b465ee728b)
Start importing Assets/TownAssets/Store.fbx using Guid(0bd6fae82184e79439267834b696e666) Importer(815301076,1909f56bfc062723c751e8b465ee728b)  -> (artifact id: 'edc25c315f1eff6190c340c3d7504744') in 0.008535 seconds
Number of updated asset objects reloaded before import = 0
Number of asset objects unloaded after import = 9
========================================================================
Received Import Request.
  Time since last request: 0.000021 seconds.
  path: Assets/TownAssets/T_Intersection.fbx
  artifactKey: Guid(d90bb8128a8642f46903ff27cbafdf01) Importer(815301076,1909f56bfc062723c751e8b465ee728b)
Start importing Assets/TownAssets/T_Intersection.fbx using Guid(d90bb8128a8642f46903ff27cbafdf01) Importer(815301076,1909f56bfc062723c751e8b465ee728b)  -> (artifact id: '92a043015678b5c7ff5f8938f4961095') in 0.008825 seconds
Number of updated asset objects reloaded before import = 0
Number of asset objects unloaded after import = 9
Editor requested this worker to shutdown with reason: Scaling down because of idle timeout
TcpMessagingSession - receive error: operation aborted. errorcode: 995, details: The I/O operation has been aborted because of either a thread exit or an application request.
AssetImportWorker is now disconnected from the server
Process exiting
Exiting without the bug reporter. Application will terminate with return code 0